SF:lib/src/modules/login/data/datasources/login/remote/remote_login_with_email_datasource.dart
DA:10,0
DA:13,0
DA:16,0
DA:17,0
DA:18,0
DA:19,0
DA:20,0
DA:21,0
DA:22,0
DA:23,0
DA:24,0
DA:28,0
LF:12
LH:0
end_of_record
SF:lib/src/modules/login/domain/entities/login/login_with_email_entity.dart
DA:5,1
LF:1
LH:1
end_of_record
SF:lib/src/modules/login/domain/usecases/login/login_with_email.dart
DA:13,1
DA:15,1
DA:19,2
LF:3
LH:3
end_of_record
SF:lib/src/modules/login/infra/repositories/login/login_with_email_repository.dart
DA:13,1
DA:20,1
DA:23,3
DA:24,2
LF:4
LH:4
end_of_record
SF:lib/src/modules/login/domain/entities/login/login_with_phone_entity.dart
DA:5,0
LF:1
LH:0
end_of_record
SF:lib/src/modules/auth/domain/usecases/logged_user_usecase.dart
DA:16,0
DA:18,0
DA:20,0
DA:23,0
DA:27,0
DA:30,0
DA:32,0
LF:7
LH:0
end_of_record
SF:lib/src/modules/auth/domain/usecases/logout_usecase.dart
DA:12,0
DA:14,0
DA:16,0
LF:3
LH:0
end_of_record
SF:lib/src/modules/auth/data/datasources/logout_datasource.dart
DA:9,0
DA:12,0
DA:13,0
LF:3
LH:0
end_of_record
SF:lib/src/modules/auth/data/datasources/logged_user_datasource.dart
DA:11,0
DA:14,0
DA:15,0
DA:17,0
DA:19,0
DA:21,0
DA:23,0
DA:28,0
DA:31,0
DA:33,0
DA:35,0
DA:39,0
DA:44,0
DA:45,0
DA:47,0
DA:50,0
LF:16
LH:0
end_of_record
SF:lib/src/modules/auth/infra/repositories/logged_user_repository.dart
DA:9,0
DA:11,0
DA:13,0
DA:16,0
DA:20,0
DA:23,0
DA:25,0
LF:7
LH:0
end_of_record
SF:lib/src/modules/auth/infra/repositories/logout_repository.dart
DA:10,0
DA:12,0
DA:14,0
LF:3
LH:0
end_of_record
SF:lib/src/modules/auth/logged_user_store.dart
DA:6,0
DA:8,0
DA:9,0
DA:12,0
LF:4
LH:0
end_of_record
SF:lib/src/core/enums/login_type.dart
DA:1,1
LF:1
LH:1
end_of_record
SF:lib/src/modules/login/data/datasources/login/local/local_login_with_email_datasource.dart
DA:7,0
DA:11,0
LF:2
LH:0
end_of_record
SF:lib/src/modules/login/data/datasources/login/local/local_login_with_phone_datasource.dart
DA:7,0
DA:11,0
LF:2
LH:0
end_of_record
SF:lib/src/modules/login/data/datasources/login/remote/remote_login_with_phone_datasource.dart
DA:10,0
DA:13,0
DA:16,0
DA:17,0
DA:18,0
DA:19,0
DA:20,0
DA:21,0
DA:22,0
DA:23,0
DA:24,0
DA:28,0
LF:12
LH:0
end_of_record
SF:lib/src/modules/login/domain/usecases/login/login_with_phone.dart
DA:13,0
DA:15,0
DA:19,0
LF:3
LH:0
end_of_record
SF:lib/src/modules/login/infra/repositories/login/login_with_phone_repository.dart
DA:13,0
DA:20,0
DA:23,0
DA:24,0
DA:25,0
DA:26,0
LF:6
LH:0
end_of_record
SF:lib/src/modules/login/presentation/login_page.dart
DA:10,0
DA:12,0
DA:13,0
DA:21,0
DA:23,0
DA:24,0
DA:25,0
DA:28,0
DA:29,0
DA:30,0
DA:31,0
DA:32,0
DA:34,0
DA:35,0
DA:36,0
DA:38,0
DA:39,0
DA:40,0
DA:42,0
DA:50,0
DA:52,0
DA:53,0
DA:56,0
DA:58,0
DA:59,0
DA:60,0
DA:62,0
DA:64,0
DA:65,0
DA:66,0
DA:67,0
DA:70,0
DA:71,0
DA:75,0
DA:80,0
DA:81,0
DA:88,0
DA:89,0
DA:97,0
DA:99,0
DA:100,0
DA:101,0
DA:102,0
DA:104,0
DA:105,0
LF:45
LH:0
end_of_record
SF:lib/src/modules/login/presentation/stores/login_store.dart
DA:16,0
DA:20,0
DA:22,0
DA:26,0
DA:28,0
DA:29,0
DA:30,0
DA:31,0
DA:32,0
DA:33,0
DA:36,0
DA:37,0
DA:38,0
DA:39,0
DA:40,0
DA:44,0
LF:16
LH:0
end_of_record
SF:lib/src/modules/login/presentation/stores/login_type_store.dart
DA:7,0
DA:9,0
DA:10,0
LF:3
LH:0
end_of_record
