SF:lib/app/modules/home/domain/entities/product_entity.dart
DA:13,2
LF:1
LH:1
end_of_record
SF:lib/app/modules/home/domain/usecases/get_promotions_usecase.dart
DA:13,1
DA:15,1
DA:17,2
LF:3
LH:3
end_of_record
SF:lib/app/modules/home/domain/entities/search_products_filters_entity.dart
DA:7,1
LF:1
LH:1
end_of_record
SF:lib/app/modules/home/domain/usecases/get_products_usecase.dart
DA:16,1
DA:19,1
DA:22,2
DA:23,2
DA:25,2
LF:5
LH:5
end_of_record
SF:lib/app/modules/home/domain/enums/search_products_ordering_type.dart
DA:1,1
DA:9,0
DA:11,0
DA:13,0
DA:15,0
DA:17,0
DA:23,0
DA:25,0
DA:27,0
DA:29,0
DA:31,0
LF:11
LH:1
end_of_record
